[03/Aug/2017 14:32:16] "HEAD /getPushPositionDetail?pid=1 HTTP/1.1" 200 340
[03/Aug/2017 14:32:19] "GET /getPushPositionDetail?pid=1 HTTP/1.1" 200 340
Not Found: /favicon.ico
[03/Aug/2017 14:32:19] "GET /favicon.ico HTTP/1.1" 404 2799
[03/Aug/2017 14:38:41] "HEAD /getCompanyList HTTP/1.1" 200 212
[03/Aug/2017 14:38:41] "GET /getCompanyList HTTP/1.1" 200 212
[03/Aug/2017 14:38:43] "GET /getCompanyList HTTP/1.1" 200 212
Not Found: /favicon.ico
[03/Aug/2017 14:38:43] "GET /favicon.ico HTTP/1.1" 404 2799
Invalid HTTP_HOST header: 'www.fuxinxueba.com:8000'. You may need to add u'www.fuxinxueba.com' to ALLOWED_HOSTS.
[03/Aug/2017 14:39:35] "GET /getCompanyList HTTP/1.1" 400 61686
Invalid HTTP_HOST header: 'www.fuxinxueba.com:8000'. You may need to add u'www.fuxinxueba.com' to ALLOWED_HOSTS.
[03/Aug/2017 14:39:46] "GET /getCompanyList HTTP/1.1" 400 61346
[03/Aug/2017 14:40:52] "HEAD /getCompanyList HTTP/1.1" 200 212
[03/Aug/2017 14:41:00] "HEAD /getCompanyList HTTP/1.1" 200 212
[03/Aug/2017 14:41:45] "GET /getCompanyList?pageSize=20&pageN0=1 HTTP/1.1" 200 212
Not Found: /favicon.ico
[03/Aug/2017 14:41:46] "GET /favicon.ico HTTP/1.1" 404 2799
[26/Aug/2017 05:18:39] "GET /smallprogram/admin/qaProgram/answer/1/change/ HTTP/1.0" 200 5727
[26/Aug/2017 05:18:39] "GET /smallprogram/admin/jsi18n/ HTTP/1.0" 200 3217
[26/Aug/2017 05:18:39] "GET /smallprogram/submit_answer HTTP/1.0" 200 7
[26/Aug/2017 06:49:36] "GET /smallprogram/getPushPositionDetail?pid=1 HTTP/1.0" 200 311
[26/Aug/2017 07:30:08] "GET /smallprogram/getGradDetail?grad_weixin_id=ww HTTP/1.0" 200 188
/home/app/fuxinxueba/qaProgram/views.py:28: UnorderedObjectListWarning: Pagination may yield inconsistent results with an unordered object_list: <class 'qaProgram.models.Question'> QuerySet.
  paginator = Paginator(data, int(pageSize))
[26/Aug/2017 07:30:08] "GET /smallprogram/get_stu_question_list?grad_weixin_id=ww&pageSize=10&pageNo=1 HTTP/1.0" 200 264
[26/Aug/2017 07:30:11] "GET /smallprogram/getGradDetail?grad_weixin_id=ww HTTP/1.0" 200 188
[26/Aug/2017 07:30:11] "GET /smallprogram/get_stu_question_list?grad_weixin_id=ww&pageSize=10&pageNo=1 HTTP/1.0" 200 264
[26/Aug/2017 07:30:29] "GET /smallprogram/getGradDetail?grad_weixin_id=ww HTTP/1.0" 200 188
[26/Aug/2017 07:30:29] "GET /smallprogram/get_stu_question_list?grad_weixin_id=ww&pageSize=10&pageNo=1 HTTP/1.0" 200 264
[26/Aug/2017 07:30:49] "GET /smallprogram/getGradDetail?grad_weixin_id=ww HTTP/1.0" 200 188
[26/Aug/2017 07:30:49] "GET /smallprogram/get_stu_question_list?grad_weixin_id=ww&pageSize=10&pageNo=1 HTTP/1.0" 200 264
[26/Aug/2017 07:31:19] "GET /smallprogram/getGradDetail?grad_weixin_id=ww HTTP/1.0" 200 188
[26/Aug/2017 07:31:19] "GET /smallprogram/get_stu_question_list?grad_weixin_id=ww&pageSize=10&pageNo=1 HTTP/1.0" 200 264
[26/Aug/2017 07:32:21] "GET /smallprogram/getGradDetail?grad_weixin_id=ww HTTP/1.0" 200 188
[26/Aug/2017 07:32:21] "GET /smallprogram/get_stu_question_list?grad_weixin_id=ww&pageSize=10&pageNo=1 HTTP/1.0" 200 264
[26/Aug/2017 07:32:52] "GET /smallprogram/getGradDetail?grad_weixin_id=ww HTTP/1.0" 200 188
[26/Aug/2017 07:32:52] "GET /smallprogram/get_stu_question_list?grad_weixin_id=ww&pageSize=10&pageNo=1 HTTP/1.0" 200 264
[26/Aug/2017 07:33:28] "GET /smallprogram/getGradDetail?grad_weixin_id=ww HTTP/1.0" 200 188
[26/Aug/2017 07:33:28] "GET /smallprogram/get_stu_question_list?grad_weixin_id=ww&pageSize=10&pageNo=1 HTTP/1.0" 200 264
[26/Aug/2017 07:34:29] "GET /smallprogram/getGradDetail?grad_weixin_id=ww HTTP/1.0" 200 188
[26/Aug/2017 07:34:29] "GET /smallprogram/get_stu_question_list?grad_weixin_id=ww&pageSize=10&pageNo=1 HTTP/1.0" 200 264
[26/Aug/2017 07:35:15] "GET /smallprogram/getGradDetail?grad_weixin_id=ww HTTP/1.0" 200 188
[26/Aug/2017 07:35:15] "GET /smallprogram/get_stu_question_list?grad_weixin_id=ww&pageSize=10&pageNo=1 HTTP/1.0" 200 264
[26/Aug/2017 07:35:51] "GET /smallprogram/getGradDetail?grad_weixin_id=ww HTTP/1.0" 200 188
[26/Aug/2017 07:35:51] "GET /smallprogram/get_stu_question_list?grad_weixin_id=ww&pageSize=10&pageNo=1 HTTP/1.0" 200 264
[26/Aug/2017 07:36:13] "GET /smallprogram/getGradDetail?grad_weixin_id=ww HTTP/1.0" 200 188
[26/Aug/2017 07:36:13] "GET /smallprogram/get_stu_question_list?grad_weixin_id=ww&pageSize=10&pageNo=1 HTTP/1.0" 200 264
[26/Aug/2017 07:37:11] "GET /smallprogram/getGradDetail?grad_weixin_id=ww HTTP/1.0" 200 188
[26/Aug/2017 07:37:11] "GET /smallprogram/get_stu_question_list?grad_weixin_id=ww&pageSize=10&pageNo=1 HTTP/1.0" 200 264
[26/Aug/2017 07:37:48] "GET /smallprogram/getGradDetail?grad_weixin_id=ww HTTP/1.0" 200 188
[26/Aug/2017 07:37:48] "GET /smallprogram/get_stu_question_list?grad_weixin_id=ww&pageSize=10&pageNo=1 HTTP/1.0" 200 264
[26/Aug/2017 07:38:04] "GET /smallprogram/getGradDetail?grad_weixin_id=ww HTTP/1.0" 200 188
[26/Aug/2017 07:38:04] "GET /smallprogram/get_stu_question_list?grad_weixin_id=ww&pageSize=10&pageNo=1 HTTP/1.0" 200 264
[26/Aug/2017 07:38:22] "GET /smallprogram/getGradDetail?grad_weixin_id=ww HTTP/1.0" 200 188
[26/Aug/2017 07:38:22] "GET /smallprogram/get_stu_question_list?grad_weixin_id=ww&pageSize=10&pageNo=1 HTTP/1.0" 200 264
[26/Aug/2017 07:38:35] "GET /smallprogram/getGradDetail?grad_weixin_id=ww HTTP/1.0" 200 188
[26/Aug/2017 07:38:35] "GET /smallprogram/get_stu_question_list?grad_weixin_id=ww&pageSize=10&pageNo=1 HTTP/1.0" 200 264
[26/Aug/2017 07:38:42] "GET /smallprogram/getGradDetail?grad_weixin_id=ww HTTP/1.0" 200 188
[26/Aug/2017 07:38:42] "GET /smallprogram/get_stu_question_list?grad_weixin_id=ww&pageSize=10&pageNo=1 HTTP/1.0" 200 264
[26/Aug/2017 07:38:50] "GET /smallprogram/getGradDetail?grad_weixin_id=ww HTTP/1.0" 200 188
[26/Aug/2017 07:38:50] "GET /smallprogram/get_stu_question_list?grad_weixin_id=ww&pageSize=10&pageNo=1 HTTP/1.0" 200 264
[26/Aug/2017 07:39:21] "GET /smallprogram/getGradDetail?grad_weixin_id=ww HTTP/1.0" 200 188
[26/Aug/2017 07:39:21] "GET /smallprogram/get_stu_question_list?grad_weixin_id=ww&pageSize=10&pageNo=1 HTTP/1.0" 200 264
[26/Aug/2017 07:39:46] "GET /smallprogram/getGradDetail?grad_weixin_id=ww HTTP/1.0" 200 188
[26/Aug/2017 07:39:46] "GET /smallprogram/get_stu_question_list?grad_weixin_id=ww&pageSize=10&pageNo=1 HTTP/1.0" 200 264
[26/Aug/2017 07:41:27] "GET /smallprogram/getGradDetail?grad_weixin_id=ww HTTP/1.0" 200 188
[26/Aug/2017 07:41:27] "GET /smallprogram/get_stu_question_list?grad_weixin_id=ww&pageSize=10&pageNo=1 HTTP/1.0" 200 264
[26/Aug/2017 07:43:47] "GET /smallprogram/getPic?pname=img/c.jpg HTTP/1.0" 200 2672
[26/Aug/2017 07:44:43] "GET /smallprogram/getGradDetail?grad_weixin_id=ww HTTP/1.0" 200 188
[26/Aug/2017 07:44:43] "GET /smallprogram/get_stu_question_list?grad_weixin_id=ww&pageSize=10&pageNo=1 HTTP/1.0" 200 264
[26/Aug/2017 07:44:43] "GET /smallprogram/getPic?pname=img/c.jpg HTTP/1.0" 200 2672
[26/Aug/2017 07:45:39] "GET /smallprogram/getGradDetail?grad_weixin_id=ww HTTP/1.0" 200 188
/home/app/fuxinxueba/qaProgram/views.py:72: UnorderedObjectListWarning: Pagination may yield inconsistent results with an unordered object_list: <class 'qaProgram.models.Question'> QuerySet.
  paginator = Paginator(data, int(pageSize))
[26/Aug/2017 07:45:39] "GET /smallprogram/get_grad_question_list?grad_weixin_id=ww&pageSize=10&pageNo=1 HTTP/1.0" 200 47
[26/Aug/2017 07:46:22] "GET /smallprogram/getGradDetail?grad_weixin_id=ww HTTP/1.0" 200 188
[26/Aug/2017 07:46:22] "GET /smallprogram/get_grad_question_list?grad_weixin_id=ww&pageSize=10&pageNo=1 HTTP/1.0" 200 47
[26/Aug/2017 07:46:22] "GET /smallprogram/getPic?pname=img/c.jpg HTTP/1.0" 200 2672
Internal Server Error: /smallprogram/getGradDetail
Traceback (most recent call last):
  File "/usr/lib/python2.7/site-packages/django/core/handlers/exception.py", line 41, in inner
    response = get_response(request)
  File "/usr/lib/python2.7/site-packages/django/core/handlers/base.py", line 187, in _get_response
    response = self.process_exception_by_middleware(e, request)
  File "/usr/lib/python2.7/site-packages/django/core/handlers/base.py", line 185, in _get_response
    response = wrapped_callback(request, *callback_args, **callback_kwargs)
  File "/home/app/fuxinxueba/qaProgram/views.py", line 113, in getGradDetail
    gdetail = GradDetail.objects.get(grad_weixin_id=grad_weixin_id)
  File "/usr/lib/python2.7/site-packages/django/db/models/manager.py", line 85, in manager_method
    return getattr(self.get_queryset(), name)(*args, **kwargs)
  File "/usr/lib/python2.7/site-packages/django/db/models/query.py", line 380, in get
    self.model._meta.object_name
DoesNotExist: GradDetail matching query does not exist.
[26/Aug/2017 07:47:07] "GET /smallprogram/get_grad_question_list?grad_weixin_id=weixin&pageSize=10&pageNo=1 HTTP/1.0" 200 47
[26/Aug/2017 07:47:07] "GET /smallprogram/getGradDetail?grad_weixin_id=weixin HTTP/1.0" 500 72802
[26/Aug/2017 07:47:13] "GET /smallprogram/getGradDetail?grad_weixin_id=ww HTTP/1.0" 200 188
[26/Aug/2017 07:47:13] "GET /smallprogram/get_grad_question_list?grad_weixin_id=ww&pageSize=10&pageNo=1 HTTP/1.0" 200 47
[26/Aug/2017 07:47:14] "GET /smallprogram/getPic?pname=img/c.jpg HTTP/1.0" 200 2672
[26/Aug/2017 08:00:04] "GET /smallprogram/get_grad_question_list?grad_weixin_id=ww&qid=1 HTTP/1.0" 200 47
[26/Aug/2017 08:00:45] "GET /smallprogram/get_grad_question_list?grad_weixin_id=ww&question_id=1 HTTP/1.0" 200 47
[26/Aug/2017 08:01:23] "GET /smallprogram/get_grad_question_list?grad_weixin_id=ww&question_id=1 HTTP/1.0" 200 47
[26/Aug/2017 08:07:04] "GET /smallprogram/get_grad_question_list?grad_weixin_id=ww&question_id=1 HTTP/1.0" 200 47
[26/Aug/2017 08:07:07] "GET /smallprogram/get_grad_question_list?grad_weixin_id=ww&question_id=1 HTTP/1.0" 200 47
[26/Aug/2017 08:07:58] "GET /smallprogram/get_grad_question_list?grad_weixin_id=ww&question_id=1 HTTP/1.0" 200 47
[26/Aug/2017 08:08:00] "GET /smallprogram/get_grad_question_list?grad_weixin_id=ww&question_id=1 HTTP/1.0" 200 47
[26/Aug/2017 08:08:21] "GET /smallprogram/get_grad_question_list?grad_weixin_id=ww&question_id=1 HTTP/1.0" 200 47
[26/Aug/2017 08:09:07] "GET /smallprogram/get_grad_question_list?grad_weixin_id=ww&question_id=1 HTTP/1.0" 200 47
[26/Aug/2017 08:09:10] "GET /smallprogram/get_grad_question_list?grad_weixin_id=ww&question_id=1 HTTP/1.0" 200 47
[26/Aug/2017 08:09:39] "GET /smallprogram/get_grad_question_list?grad_weixin_id=ww&question_id=1 HTTP/1.0" 200 47
[26/Aug/2017 08:10:00] "GET /smallprogram/get_grad_question_list?grad_weixin_id=ww&question_id=1 HTTP/1.0" 200 47
[26/Aug/2017 08:10:24] "GET /smallprogram/get_grad_question_list?grad_weixin_id=ww&question_id=1 HTTP/1.0" 200 47
[26/Aug/2017 08:10:35] "GET /smallprogram/get_grad_question_list?grad_weixin_id=ww&question_id=1 HTTP/1.0" 200 47
[26/Aug/2017 08:14:15] "GET /smallprogram/get_grad_question_list?grad_weixin_id=ww&question_id=1 HTTP/1.0" 200 47
[26/Aug/2017 08:14:39] "GET /smallprogram/get_grad_question_list?grad_weixin_id=ww&question_id=1 HTTP/1.0" 200 47
[26/Aug/2017 08:15:42] "GET /smallprogram/get_grad_question_list?grad_weixin_id=ww&question_id=1 HTTP/1.0" 200 47
[26/Aug/2017 08:16:27] "GET /smallprogram/get_grad_question_list?grad_weixin_id=ww&question_id=1 HTTP/1.0" 200 47
[26/Aug/2017 08:16:53] "GET /smallprogram/get_grad_question_list?grad_weixin_id=ww&question_id=1 HTTP/1.0" 200 47
[26/Aug/2017 08:17:23] "GET /smallprogram/get_grad_question_list?grad_weixin_id=ww&question_id=1 HTTP/1.0" 200 47
[26/Aug/2017 08:17:29] "GET /smallprogram/get_grad_question_list?grad_weixin_id=ww&question_id=1 HTTP/1.0" 200 47
[26/Aug/2017 08:17:42] "GET /smallprogram/get_grad_question_list?grad_weixin_id=ww&question_id=1 HTTP/1.0" 200 47
[26/Aug/2017 08:17:49] "GET /smallprogram/get_grad_question_list?grad_weixin_id=ww&question_id=1 HTTP/1.0" 200 47
[26/Aug/2017 08:17:54] "GET /smallprogram/get_grad_question_list?grad_weixin_id=ww&question_id=1 HTTP/1.0" 200 47
[26/Aug/2017 08:18:05] "GET /smallprogram/get_grad_question_list?grad_weixin_id=ww&question_id=1 HTTP/1.0" 200 47
[26/Aug/2017 08:18:26] "GET /smallprogram/get_grad_question_list?grad_weixin_id=ww&question_id=1 HTTP/1.0" 200 47
[26/Aug/2017 08:18:39] "GET /smallprogram/get_grad_question_list?grad_weixin_id=ww&question_id=1 HTTP/1.0" 200 47
[26/Aug/2017 08:18:44] "GET /smallprogram/get_grad_question_list?grad_weixin_id=ww&question_id=1 HTTP/1.0" 200 47
[26/Aug/2017 08:19:02] "GET /smallprogram/get_grad_question_list?grad_weixin_id=ww&question_id=1 HTTP/1.0" 200 47
[26/Aug/2017 08:19:11] "GET /smallprogram/get_grad_question_list?grad_weixin_id=ww&question_id=1 HTTP/1.0" 200 47
[26/Aug/2017 08:19:20] "GET /smallprogram/get_grad_question_list?grad_weixin_id=ww&question_id=1 HTTP/1.0" 200 47
[26/Aug/2017 08:19:58] "GET /smallprogram/get_grad_question_list?grad_weixin_id=ww&question_id=1 HTTP/1.0" 200 47
[26/Aug/2017 08:20:16] "GET /smallprogram/get_grad_question_list?grad_weixin_id=ww&question_id=1 HTTP/1.0" 200 47
[26/Aug/2017 08:20:30] "GET /smallprogram/get_grad_question_list?grad_weixin_id=ww&question_id=1 HTTP/1.0" 200 47
[26/Aug/2017 08:20:42] "GET /smallprogram/get_grad_question_list?grad_weixin_id=ww&question_id=1 HTTP/1.0" 200 47
[26/Aug/2017 08:20:59] "GET /smallprogram/get_grad_question_list?grad_weixin_id=ww&question_id=1 HTTP/1.0" 200 47
[26/Aug/2017 08:21:14] "GET /smallprogram/get_grad_question_list?grad_weixin_id=ww&question_id=1 HTTP/1.0" 200 47
[26/Aug/2017 08:21:37] "GET /smallprogram/get_grad_question_list?grad_weixin_id=ww&question_id=1 HTTP/1.0" 200 47
[26/Aug/2017 08:21:46] "GET /smallprogram/get_grad_question_list?grad_weixin_id=ww&question_id=1 HTTP/1.0" 200 47
[26/Aug/2017 08:22:16] "GET /smallprogram/get_grad_question_list?grad_weixin_id=ww&question_id=1 HTTP/1.0" 200 47
[26/Aug/2017 08:23:44] "GET /smallprogram/get_grad_question_list?grad_weixin_id=ww&question_id=1 HTTP/1.0" 200 47
[26/Aug/2017 08:25:11] "GET /smallprogram/get_grad_question_list?grad_weixin_id=ww&question_id=1 HTTP/1.0" 200 47
[26/Aug/2017 08:25:26] "GET /smallprogram/get_grad_question_list?grad_weixin_id=ww&question_id=1 HTTP/1.0" 200 47
[26/Aug/2017 08:26:49] "GET /smallprogram/get_grad_question_list?grad_weixin_id=ww&question_id=1 HTTP/1.0" 200 47
[26/Aug/2017 08:26:54] "GET /smallprogram/get_grad_question_list?grad_weixin_id=ww&question_id=1 HTTP/1.0" 200 47
[26/Aug/2017 08:27:55] "GET /smallprogram/get_grad_question_list?grad_weixin_id=ww&question_id=1 HTTP/1.0" 200 47
[26/Aug/2017 08:28:44] "GET /smallprogram/get_grad_question_list?grad_weixin_id=ww&question_id=1 HTTP/1.0" 200 47
[26/Aug/2017 08:29:06] "GET /smallprogram/get_grad_question_list?grad_weixin_id=ww&question_id=1 HTTP/1.0" 200 47
[26/Aug/2017 08:29:16] "GET /smallprogram/get_grad_question_list?grad_weixin_id=ww&question_id=1 HTTP/1.0" 200 47
[26/Aug/2017 08:29:30] "GET /smallprogram/get_grad_question_list?grad_weixin_id=ww&question_id=1 HTTP/1.0" 200 47
[26/Aug/2017 08:29:42] "GET /smallprogram/get_grad_question_list?grad_weixin_id=ww&question_id=1 HTTP/1.0" 200 47
[26/Aug/2017 08:29:46] "GET /smallprogram/get_grad_question_list?grad_weixin_id=ww&question_id=1 HTTP/1.0" 200 47
[26/Aug/2017 08:30:57] "GET /smallprogram/get_grad_question_list?grad_weixin_id=ww&question_id=1 HTTP/1.0" 200 47
[26/Aug/2017 08:31:03] "GET /smallprogram/get_grad_question_list?grad_weixin_id=ww&question_id=1 HTTP/1.0" 200 47
[26/Aug/2017 08:31:29] "GET /smallprogram/get_grad_question_list?grad_weixin_id=ww&question_id=1 HTTP/1.0" 200 47
[26/Aug/2017 08:32:26] "GET /smallprogram/get_grad_question_list?grad_weixin_id=ww&question_id=1 HTTP/1.0" 200 47
[26/Aug/2017 08:32:31] "GET /smallprogram/get_grad_question_list?grad_weixin_id=ww&question_id=1 HTTP/1.0" 200 47
[26/Aug/2017 08:32:38] "GET /smallprogram/get_grad_question_list?grad_weixin_id=ww&question_id=1 HTTP/1.0" 200 47
[26/Aug/2017 08:32:54] "GET /smallprogram/get_grad_question_list?grad_weixin_id=ww&question_id=1 HTTP/1.0" 200 47
[26/Aug/2017 08:32:58] "GET /smallprogram/get_grad_question_list?grad_weixin_id=ww&question_id=1 HTTP/1.0" 200 47
[26/Aug/2017 08:33:15] "GET /smallprogram/get_grad_question_list?grad_weixin_id=ww&question_id=1 HTTP/1.0" 200 47
[26/Aug/2017 08:33:20] "GET /smallprogram/get_grad_question_list?grad_weixin_id=ww&question_id=1 HTTP/1.0" 200 47
[26/Aug/2017 08:33:28] "GET /smallprogram/get_grad_question_list?grad_weixin_id=ww&question_id=1 HTTP/1.0" 200 47
[26/Aug/2017 08:33:56] "GET /smallprogram/get_grad_question_list?grad_weixin_id=ww&question_id=1 HTTP/1.0" 200 47
[26/Aug/2017 08:34:20] "GET /smallprogram/get_grad_question_list?grad_weixin_id=ww&question_id=1 HTTP/1.0" 200 47
[26/Aug/2017 08:35:29] "GET /smallprogram/get_grad_question_list?grad_weixin_id=ww&question_id=1 HTTP/1.0" 200 47
[26/Aug/2017 08:35:54] "GET /smallprogram/get_grad_question_list?grad_weixin_id=ww&question_id=1 HTTP/1.0" 200 47
[26/Aug/2017 08:36:31] "GET /smallprogram/get_grad_question_list?grad_weixin_id=ww&question_id=1 HTTP/1.0" 200 47
[26/Aug/2017 08:36:43] "GET /smallprogram/get_grad_question_list?grad_weixin_id=ww&question_id=1 HTTP/1.0" 200 47
[26/Aug/2017 08:36:51] "GET /smallprogram/get_grad_question_list?grad_weixin_id=ww&question_id=1 HTTP/1.0" 200 47
[26/Aug/2017 08:37:00] "GET /smallprogram/get_grad_question_list?grad_weixin_id=ww&question_id=1 HTTP/1.0" 200 47
[26/Aug/2017 08:37:10] "GET /smallprogram/get_grad_question_list?grad_weixin_id=ww&question_id=1 HTTP/1.0" 200 47
[26/Aug/2017 16:05:17] "GET /smallprogram/get_grad_question_list?grad_weixin_id=ww&question_id=1 HTTP/1.0" 200 47
[26/Aug/2017 16:06:55] "GET /smallprogram/get_grad_question_list?grad_weixin_id=ww&question_id=1 HTTP/1.0" 200 47
[26/Aug/2017 16:07:11] "GET /smallprogram/get_grad_question_list?grad_weixin_id=ww&question_id=1 HTTP/1.0" 200 47
[26/Aug/2017 16:09:59] "GET /smallprogram/get_grad_question_list?grad_weixin_id=ww&question_id=1 HTTP/1.0" 200 47
[26/Aug/2017 16:10:11] "GET /smallprogram/get_grad_question_list?grad_weixin_id=ww&question_id=1 HTTP/1.0" 200 47
[26/Aug/2017 16:11:06] "GET /smallprogram/get_grad_question_list?grad_weixin_id=ww&question_id=1 HTTP/1.0" 200 47
[26/Aug/2017 16:11:38] "GET /smallprogram/get_grad_question_list?grad_weixin_id=ww&question_id=1 HTTP/1.0" 200 47
[26/Aug/2017 16:14:06] "GET /smallprogram/get_grad_question_list?grad_weixin_id=ww&question_id=1 HTTP/1.0" 200 47
[26/Aug/2017 16:14:10] "GET /smallprogram/get_grad_question_list?grad_weixin_id=ww&question_id=1 HTTP/1.0" 200 47
[26/Aug/2017 16:15:19] "GET /smallprogram/get_grad_question_list?grad_weixin_id=ww&question_id=1 HTTP/1.0" 200 47
[26/Aug/2017 16:15:29] "GET /smallprogram/get_grad_question_list?grad_weixin_id=ww&question_id=1 HTTP/1.0" 200 47
[26/Aug/2017 16:15:40] "GET /smallprogram/get_grad_question_list?grad_weixin_id=ww&question_id=1 HTTP/1.0" 200 47
[26/Aug/2017 16:15:47] "GET /smallprogram/get_grad_question_list?grad_weixin_id=ww&question_id=1 HTTP/1.0" 200 47
[26/Aug/2017 16:16:16] "GET /smallprogram/get_grad_question_list?grad_weixin_id=ww&question_id=1 HTTP/1.0" 200 47
[26/Aug/2017 16:16:30] "GET /smallprogram/get_grad_question_list?grad_weixin_id=ww&question_id=1 HTTP/1.0" 200 47
[26/Aug/2017 16:17:14] "GET /smallprogram/get_grad_question_list?grad_weixin_id=ww&question_id=1 HTTP/1.0" 200 47
[26/Aug/2017 16:17:27] "GET /smallprogram/get_grad_question_list?grad_weixin_id=ww&question_id=1 HTTP/1.0" 200 47
[26/Aug/2017 16:17:57] "GET /smallprogram/get_grad_question_list?grad_weixin_id=ww&question_id=1 HTTP/1.0" 200 47
[26/Aug/2017 16:18:31] "GET /smallprogram/get_grad_question_list?grad_weixin_id=ww&question_id=1 HTTP/1.0" 200 47
[26/Aug/2017 16:18:36] "GET /smallprogram/get_grad_question_list?grad_weixin_id=ww&question_id=1 HTTP/1.0" 200 47
[26/Aug/2017 16:20:00] "GET /smallprogram/get_grad_question_list?grad_weixin_id=ww&question_id=1 HTTP/1.0" 200 47
[26/Aug/2017 16:20:11] "GET /smallprogram/get_grad_question_list?grad_weixin_id=ww&question_id=1 HTTP/1.0" 200 47
[26/Aug/2017 16:20:43] "GET /smallprogram/get_grad_question_list?grad_weixin_id=ww&question_id=1 HTTP/1.0" 200 47
[26/Aug/2017 16:21:31] "GET /smallprogram/get_grad_question_list?grad_weixin_id=ww&question_id=1 HTTP/1.0" 200 47
[26/Aug/2017 16:22:01] "GET /smallprogram/get_grad_question_list?grad_weixin_id=ww&question_id=1 HTTP/1.0" 200 47
[26/Aug/2017 16:22:52] "GET /smallprogram/get_grad_question_list?grad_weixin_id=ww&question_id=1 HTTP/1.0" 200 47
[26/Aug/2017 16:23:03] "GET /smallprogram/get_grad_question_list?grad_weixin_id=ww&question_id=1 HTTP/1.0" 200 47
[26/Aug/2017 16:23:27] "GET /smallprogram/get_grad_question_list?grad_weixin_id=ww&question_id=1 HTTP/1.0" 200 47
[26/Aug/2017 16:24:04] "GET /smallprogram/get_grad_question_list?grad_weixin_id=ww&question_id=1 HTTP/1.0" 200 47
[26/Aug/2017 16:26:52] "GET /smallprogram/get_grad_question_list?grad_weixin_id=ww&question_id=1 HTTP/1.0" 200 47
[26/Aug/2017 16:27:16] "GET /smallprogram/get_grad_question_list?grad_weixin_id=ww&question_id=1 HTTP/1.0" 200 47
[26/Aug/2017 16:27:27] "GET /smallprogram/get_grad_question_list?grad_weixin_id=ww&question_id=1 HTTP/1.0" 200 47
[26/Aug/2017 16:27:35] "GET /smallprogram/get_grad_question_list?grad_weixin_id=ww&question_id=1 HTTP/1.0" 200 47
[26/Aug/2017 16:27:46] "GET /smallprogram/get_grad_question_list?grad_weixin_id=ww&question_id=1 HTTP/1.0" 200 47
[26/Aug/2017 16:37:57] "GET /smallprogram/get_grad_question_list?grad_weixin_id=ww&question_id=1 HTTP/1.0" 200 47
[26/Aug/2017 16:38:17] "GET /smallprogram/get_grad_question_list?grad_weixin_id=ww&question_id=1 HTTP/1.0" 200 47
[26/Aug/2017 16:38:23] "GET /smallprogram/get_grad_question_list?grad_weixin_id=ww&question_id=1 HTTP/1.0" 200 47
[26/Aug/2017 16:39:42] "GET /smallprogram/get_grad_question_list?grad_weixin_id=ww&question_id=1 HTTP/1.0" 200 47
[26/Aug/2017 16:43:20] "GET /smallprogram/get_grad_question_list?grad_weixin_id=ww&question_id=1 HTTP/1.0" 200 47
[26/Aug/2017 19:22:10] "GET /smallprogram/getPic HTTP/1.0" 200 40
[27/Aug/2017 09:31:49] "GET /smallprogram/get_grad_question_list?grad_weixin_id=ww&question_id=1 HTTP/1.0" 200 47
[27/Aug/2017 09:32:48] "GET /smallprogram/get_grad_question_list?grad_weixin_id=ww&question_id=1 HTTP/1.0" 200 47
[27/Aug/2017 09:33:03] "GET /smallprogram/get_grad_question_list?grad_weixin_id=ww&question_id=1 HTTP/1.0" 200 47
[27/Aug/2017 09:41:47] "GET /smallprogram/get_grad_question_list?grad_weixin_id=ww&question_id=1 HTTP/1.0" 200 47
[27/Aug/2017 09:42:00] "GET /smallprogram/get_grad_question_list?grad_weixin_id=ww&question_id=1 HTTP/1.0" 200 47
[27/Aug/2017 09:42:38] "GET /smallprogram/get_grad_question_list?grad_weixin_id=ww&question_id=1 HTTP/1.0" 200 47
[27/Aug/2017 09:42:57] "GET /smallprogram/get_grad_question_list?grad_weixin_id=ww&question_id=1 HTTP/1.0" 200 47
[27/Aug/2017 09:43:14] "GET /smallprogram/get_grad_question_list?grad_weixin_id=ww&question_id=1 HTTP/1.0" 200 47
[27/Aug/2017 09:43:29] "GET /smallprogram/get_grad_question_list?grad_weixin_id=ww&question_id=1 HTTP/1.0" 200 47
[27/Aug/2017 09:43:31] "GET /smallprogram/get_grad_question_list?grad_weixin_id=ww&question_id=1 HTTP/1.0" 200 47
[27/Aug/2017 09:43:56] "GET /smallprogram/get_grad_question_list?grad_weixin_id=ww&question_id=1 HTTP/1.0" 200 47
[27/Aug/2017 09:44:15] "GET /smallprogram/get_grad_question_list?grad_weixin_id=ww&question_id=1 HTTP/1.0" 200 47
[27/Aug/2017 09:44:20] "GET /smallprogram/get_grad_question_list?grad_weixin_id=ww&question_id=1 HTTP/1.0" 200 47
[27/Aug/2017 09:46:39] "GET /smallprogram/get_grad_question_list?grad_weixin_id=ww&question_id=1 HTTP/1.0" 200 47
[27/Aug/2017 09:47:17] "GET /smallprogram/get_grad_question_list?grad_weixin_id=ww&question_id=1 HTTP/1.0" 200 47
[27/Aug/2017 09:48:11] "GET /smallprogram/get_grad_question_list?grad_weixin_id=ww&question_id=1 HTTP/1.0" 200 47
[27/Aug/2017 09:49:49] "GET /smallprogram/get_grad_question_list?grad_weixin_id=ww&question_id=1 HTTP/1.0" 200 47
[27/Aug/2017 09:50:03] "GET /smallprogram/get_grad_question_list?grad_weixin_id=ww&question_id=1 HTTP/1.0" 200 47
[27/Aug/2017 09:50:49] "GET /smallprogram/get_grad_question_list?grad_weixin_id=ww&question_id=1 HTTP/1.0" 200 47
[27/Aug/2017 09:51:06] "GET /smallprogram/get_grad_question_list?grad_weixin_id=ww&question_id=1 HTTP/1.0" 200 47
[27/Aug/2017 09:51:36] "GET /smallprogram/get_grad_question_list?grad_weixin_id=ww&question_id=1 HTTP/1.0" 200 47
[27/Aug/2017 09:51:49] "GET /smallprogram/get_grad_question_list?grad_weixin_id=ww&question_id=1 HTTP/1.0" 200 47
[27/Aug/2017 09:52:24] "GET /smallprogram/get_grad_question_list?grad_weixin_id=ww&question_id=1 HTTP/1.0" 200 47
[27/Aug/2017 09:52:34] "GET /smallprogram/get_grad_question_list?grad_weixin_id=ww&question_id=1 HTTP/1.0" 200 47
[27/Aug/2017 09:53:36] "GET /smallprogram/get_grad_question_list?grad_weixin_id=ww&question_id=1 HTTP/1.0" 200 47
[27/Aug/2017 09:53:47] "GET /smallprogram/get_grad_question_list?grad_weixin_id=ww&question_id=1 HTTP/1.0" 200 47
[27/Aug/2017 09:54:19] "GET /smallprogram/get_grad_question_list?grad_weixin_id=ww&question_id=1 HTTP/1.0" 200 47
[27/Aug/2017 09:54:28] "GET /smallprogram/get_grad_question_list?grad_weixin_id=ww&question_id=1 HTTP/1.0" 200 47
[27/Aug/2017 09:56:15] "GET /smallprogram/get_grad_question_list?grad_weixin_id=ww&question_id=1 HTTP/1.0" 200 47
[27/Aug/2017 09:56:26] "GET /smallprogram/get_grad_question_list?grad_weixin_id=ww&question_id=1 HTTP/1.0" 200 47
[27/Aug/2017 09:59:50] "GET /smallprogram/get_grad_question_list?grad_weixin_id=ww&question_id=1 HTTP/1.0" 200 47
[27/Aug/2017 10:00:34] "GET /smallprogram/get_grad_question_list?grad_weixin_id=ww&question_id=1 HTTP/1.0" 200 47
[27/Aug/2017 10:00:55] "GET /smallprogram/get_grad_question_list?grad_weixin_id=ww&question_id=1 HTTP/1.0" 200 47
[27/Aug/2017 10:01:50] "GET /smallprogram/get_grad_question_list?grad_weixin_id=ww&question_id=1 HTTP/1.0" 200 47
[27/Aug/2017 10:02:06] "GET /smallprogram/get_grad_question_list?grad_weixin_id=ww&question_id=1 HTTP/1.0" 200 47
[27/Aug/2017 10:02:21] "GET /smallprogram/get_grad_question_list?grad_weixin_id=ww&question_id=1 HTTP/1.0" 200 47
[27/Aug/2017 10:10:33] "GET /smallprogram/get_grad_question_list?grad_weixin_id=ww&question_id=1 HTTP/1.0" 200 47
[27/Aug/2017 10:13:47] "GET /smallprogram/get_grad_question_list?grad_weixin_id=ww&question_id=1 HTTP/1.0" 200 47
[27/Aug/2017 10:15:59] "GET /smallprogram/getGradDetail?grad_weixin_id=ww HTTP/1.0" 200 188
[27/Aug/2017 10:15:59] "GET /smallprogram/get_stu_question_list?grad_weixin_id=ww&pageSize=10&pageNo=1 HTTP/1.0" 200 264
[27/Aug/2017 10:16:00] "GET /smallprogram/getPic?pname=img/c.jpg HTTP/1.0" 200 2672
[27/Aug/2017 10:16:06] "GET /smallprogram/getGradDetail?grad_weixin_id=ww HTTP/1.0" 200 188
[27/Aug/2017 10:16:06] "GET /smallprogram/get_stu_question_list?grad_weixin_id=ww&pageSize=10&pageNo=1 HTTP/1.0" 200 264
[27/Aug/2017 10:16:06] "GET /smallprogram/get_stu_question_list?grad_weixin_id=ww&pageSize=10&pageNo=1 HTTP/1.0" 200 264
[27/Aug/2017 10:16:06] "GET /smallprogram/getPic?pname=img/c.jpg HTTP/1.0" 200 2672
[27/Aug/2017 10:16:06] "GET /smallprogram/getPic?pname=img/c.jpg HTTP/1.0" 200 2672
[27/Aug/2017 10:16:40] "GET /smallprogram/getGradDetail?grad_weixin_id=ww HTTP/1.0" 200 188
[27/Aug/2017 10:16:40] "GET /smallprogram/get_stu_question_list?grad_weixin_id=ww&pageSize=10&pageNo=1 HTTP/1.0" 200 264
[27/Aug/2017 10:16:41] "GET /smallprogram/getPic?pname=img/c.jpg HTTP/1.0" 200 2672
[27/Aug/2017 10:16:54] "GET /smallprogram/getGradDetail?grad_weixin_id=ww HTTP/1.0" 200 188
[27/Aug/2017 10:16:54] "GET /smallprogram/get_stu_question_list?grad_weixin_id=ww&pageSize=10&pageNo=1 HTTP/1.0" 200 264
[27/Aug/2017 10:16:54] "GET /smallprogram/getPic?pname=img/c.jpg HTTP/1.0" 200 2672
[27/Aug/2017 10:16:54] "GET /smallprogram/getPic?pname=img/c.jpg HTTP/1.0" 200 2672
[27/Aug/2017 10:17:50] "GET /smallprogram/getGradDetail?grad_weixin_id=ww HTTP/1.0" 200 188
[27/Aug/2017 10:17:50] "GET /smallprogram/get_stu_question_list?grad_weixin_id=ww&pageSize=10&pageNo=1 HTTP/1.0" 200 264
[27/Aug/2017 10:17:50] "GET /smallprogram/getPic?pname=img/c.jpg HTTP/1.0" 200 2672
[27/Aug/2017 10:19:08] "GET /smallprogram/getGradDetail?grad_weixin_id=ww HTTP/1.0" 200 188
[27/Aug/2017 10:19:08] "GET /smallprogram/get_stu_question_list?grad_weixin_id=ww&pageSize=10&pageNo=1 HTTP/1.0" 200 264
[27/Aug/2017 10:19:08] "GET /smallprogram/getPic?pname=img/c.jpg HTTP/1.0" 200 2672
[27/Aug/2017 10:19:16] "GET /smallprogram/getGradDetail?grad_weixin_id=ww HTTP/1.0" 200 188
[27/Aug/2017 10:19:16] "GET /smallprogram/get_stu_question_list?grad_weixin_id=ww&pageSize=10&pageNo=1 HTTP/1.0" 200 264
[27/Aug/2017 10:19:16] "GET /smallprogram/getPic?pname=img/c.jpg HTTP/1.0" 200 2672
[27/Aug/2017 10:19:16] "GET /smallprogram/getPic?pname=img/c.jpg HTTP/1.0" 200 2672
[27/Aug/2017 10:26:03] "GET /smallprogram/getGradDetail?grad_weixin_id=ww HTTP/1.0" 200 188
[27/Aug/2017 10:26:03] "GET /smallprogram/get_stu_question_list?grad_weixin_id=ww&pageSize=10&pageNo=1 HTTP/1.0" 200 264
[27/Aug/2017 10:26:03] "GET /smallprogram/getPic?pname=img/c.jpg HTTP/1.0" 200 2672
[27/Aug/2017 10:26:15] "GET /smallprogram/getGradDetail?grad_weixin_id=ww HTTP/1.0" 200 188
[27/Aug/2017 10:26:15] "GET /smallprogram/get_stu_question_list?grad_weixin_id=ww&pageSize=10&pageNo=1 HTTP/1.0" 200 264
[27/Aug/2017 10:26:15] "GET /smallprogram/get_stu_question_list?grad_weixin_id=ww&pageSize=10&pageNo=1 HTTP/1.0" 200 264
[27/Aug/2017 10:26:15] "GET /smallprogram/getPic?pname=img/c.jpg HTTP/1.0" 200 2672
[27/Aug/2017 10:26:15] "GET /smallprogram/getPic?pname=img/c.jpg HTTP/1.0" 200 2672
[27/Aug/2017 10:26:22] "GET /smallprogram/getGradDetail?grad_weixin_id=ww HTTP/1.0" 200 188
[27/Aug/2017 10:26:22] "GET /smallprogram/get_stu_question_list?grad_weixin_id=ww&pageSize=10&pageNo=1 HTTP/1.0" 200 264
[27/Aug/2017 10:26:23] "GET /smallprogram/getPic?pname=img/c.jpg HTTP/1.0" 200 2672
[27/Aug/2017 10:26:23] "GET /smallprogram/getPic?pname=img/c.jpg HTTP/1.0" 200 2672
[27/Aug/2017 10:28:48] "GET /smallprogram/getGradDetail?grad_weixin_id=ww HTTP/1.0" 200 188
[27/Aug/2017 10:28:48] "GET /smallprogram/get_stu_question_list?grad_weixin_id=ww&pageSize=10&pageNo=1 HTTP/1.0" 200 264
[27/Aug/2017 10:28:48] "GET /smallprogram/getPic?pname=img/c.jpg HTTP/1.0" 200 2672
[27/Aug/2017 11:49:22] "GET /smallprogram/get_grad_question_list?grad_weixin_id=ww&question_id=1 HTTP/1.0" 200 47
[27/Aug/2017 11:52:12] "GET /smallprogram/get_grad_question_list?grad_weixin_id=ww&question_id=1 HTTP/1.0" 200 47
[27/Aug/2017 11:53:20] "GET /smallprogram/get_grad_question_list?grad_weixin_id=ww&question_id=1 HTTP/1.0" 200 47
[27/Aug/2017 11:53:31] "GET /smallprogram/get_grad_question_list?grad_weixin_id=ww&question_id=1 HTTP/1.0" 200 47
[27/Aug/2017 11:54:43] "GET /smallprogram/get_grad_question_list?grad_weixin_id=ww&question_id=1 HTTP/1.0" 200 47
[27/Aug/2017 11:55:09] "GET /smallprogram/get_grad_question_list?grad_weixin_id=ww&question_id=1 HTTP/1.0" 200 47
[27/Aug/2017 11:55:13] "GET /smallprogram/get_grad_question_list?grad_weixin_id=ww&question_id=1 HTTP/1.0" 200 47
[27/Aug/2017 11:55:30] "GET /smallprogram/get_grad_question_list?grad_weixin_id=ww&question_id=1 HTTP/1.0" 200 47
[27/Aug/2017 11:56:26] "GET /smallprogram/get_grad_question_list?grad_weixin_id=ww&question_id=1 HTTP/1.0" 200 47
[27/Aug/2017 11:57:27] "GET /smallprogram/get_grad_question_list?grad_weixin_id=ww&question_id=1 HTTP/1.0" 200 47
[27/Aug/2017 11:57:50] "GET /smallprogram/get_grad_question_list?grad_weixin_id=ww&question_id=1 HTTP/1.0" 200 47
[27/Aug/2017 11:57:55] "GET /smallprogram/get_grad_question_list?grad_weixin_id=ww&question_id=1 HTTP/1.0" 200 47
[27/Aug/2017 11:58:06] "GET /smallprogram/get_grad_question_list?grad_weixin_id=ww&question_id=1 HTTP/1.0" 200 47
[27/Aug/2017 11:58:24] "GET /smallprogram/get_grad_question_list?grad_weixin_id=ww&question_id=1 HTTP/1.0" 200 47
[27/Aug/2017 11:58:36] "GET /smallprogram/get_grad_question_list?grad_weixin_id=ww&question_id=1 HTTP/1.0" 200 47
[27/Aug/2017 12:01:32] "POST /smallprogram/get_grad_question_list HTTP/1.0" 200 46
[27/Aug/2017 12:10:37] "POST /smallprogram/get_grad_question_list HTTP/1.0" 200 46
[27/Aug/2017 12:13:32] "GET /smallprogram/getPic?pname=img/c.jpg HTTP/1.0" 200 2672
[27/Aug/2017 12:15:38] "GET /smallprogram/get_grad_question_list?grad_weixin_id=ww&question_id=1 HTTP/1.0" 200 47
[27/Aug/2017 12:17:15] "GET /smallprogram/get_grad_question_list?grad_weixin_id=ww&question_id=1 HTTP/1.0" 200 47
[27/Aug/2017 12:24:06] "GET /smallprogram/get_grad_question_list?grad_weixin_id=ww&question_id=1 HTTP/1.0" 200 47
[27/Aug/2017 12:24:30] "GET /smallprogram/get_grad_question_list?grad_weixin_id=ww&question_id=1 HTTP/1.0" 200 47
[27/Aug/2017 12:25:23] "GET /smallprogram/get_grad_question_list?grad_weixin_id=ww&question_id=1 HTTP/1.0" 200 47
[27/Aug/2017 12:25:35] "GET /smallprogram/get_grad_question_list?grad_weixin_id=ww&question_id=1 HTTP/1.0" 200 47
[27/Aug/2017 12:25:45] "GET /smallprogram/get_grad_question_list?grad_weixin_id=ww&question_id=1 HTTP/1.0" 200 47
[27/Aug/2017 12:26:23] "GET /smallprogram/get_grad_question_list?grad_weixin_id=ww&question_id=1 HTTP/1.0" 200 47
[27/Aug/2017 12:26:37] "GET /smallprogram/get_grad_question_list?grad_weixin_id=ww&question_id=1 HTTP/1.0" 200 47
[27/Aug/2017 12:27:22] "GET /smallprogram/get_grad_question_list?grad_weixin_id=ww&question_id=1 HTTP/1.0" 200 47
[27/Aug/2017 12:28:02] "GET /smallprogram/get_grad_question_list?grad_weixin_id=ww&question_id=1 HTTP/1.0" 200 47
[27/Aug/2017 12:28:51] "GET /smallprogram/get_grad_question_list?grad_weixin_id=ww&question_id=1 HTTP/1.0" 200 47
[27/Aug/2017 12:29:16] "GET /smallprogram/getGradDetail?grad_weixin_id=ww HTTP/1.0" 200 188
[27/Aug/2017 12:29:16] "GET /smallprogram/get_grad_question_list?grad_weixin_id=ww&pageSize=10&pageNo=1 HTTP/1.0" 200 47
[27/Aug/2017 12:29:29] "GET /smallprogram/get_grad_question_list?grad_weixin_id=ww&question_id=1 HTTP/1.0" 200 47
[27/Aug/2017 12:29:43] "GET /smallprogram/get_grad_question_list?grad_weixin_id=ww&question_id=1 HTTP/1.0" 200 47
[27/Aug/2017 12:30:55] "GET /smallprogram/getGradDetail?grad_weixin_id=ww HTTP/1.0" 200 188
[27/Aug/2017 12:30:55] "GET /smallprogram/get_grad_question_list?grad_weixin_id=ww&pageSize=10&pageNo=1 HTTP/1.0" 200 47
[27/Aug/2017 12:31:04] "GET /smallprogram/getGradDetail?grad_weixin_id=ww HTTP/1.0" 200 188
[27/Aug/2017 12:31:04] "GET /smallprogram/get_grad_question_list?grad_weixin_id=ww&pageSize=10&pageNo=1 HTTP/1.0" 200 47
[27/Aug/2017 12:31:23] "GET /smallprogram/get_grad_question_list?grad_weixin_id=ww&question_id=1 HTTP/1.0" 200 47
[27/Aug/2017 12:32:17] "GET /smallprogram/get_grad_question_list?grad_weixin_id=ww&question_id=1 HTTP/1.0" 200 47
[27/Aug/2017 12:33:05] "GET /smallprogram/get_grad_question_list?grad_weixin_id=ww&question_id=1 HTTP/1.0" 200 47
[27/Aug/2017 12:34:28] "GET /smallprogram/get_grad_question_list?grad_weixin_id=ww&question_id=1 HTTP/1.0" 200 47
[27/Aug/2017 12:34:52] "GET /smallprogram/get_grad_question_list?grad_weixin_id=ww&question_id=1 HTTP/1.0" 200 47
[27/Aug/2017 12:35:13] "GET /smallprogram/get_grad_question_list?grad_weixin_id=ww&question_id=1 HTTP/1.0" 200 47
[27/Aug/2017 12:37:24] "GET /smallprogram/get_grad_question_list?grad_weixin_id=ww&question_id=1 HTTP/1.0" 200 47
[27/Aug/2017 12:37:35] "GET /smallprogram/get_grad_question_list?grad_weixin_id=ww&question_id=1 HTTP/1.0" 200 47
[27/Aug/2017 12:37:45] "GET /smallprogram/get_grad_question_list?grad_weixin_id=ww&question_id=1 HTTP/1.0" 200 47
[27/Aug/2017 12:37:54] "GET /smallprogram/get_grad_question_list?grad_weixin_id=ww&question_id=1 HTTP/1.0" 200 47
[27/Aug/2017 12:38:14] "GET /smallprogram/get_grad_question_list?grad_weixin_id=ww&question_id=1 HTTP/1.0" 200 47
[27/Aug/2017 12:38:47] "GET /smallprogram/get_grad_question_list?grad_weixin_id=ww&question_id=1 HTTP/1.0" 200 47
[27/Aug/2017 12:40:00] "GET /smallprogram/get_grad_question_list?grad_weixin_id=ww&question_id=1 HTTP/1.0" 200 47
[27/Aug/2017 12:40:03] "GET /smallprogram/get_grad_question_list?grad_weixin_id=ww&question_id=1 HTTP/1.0" 200 47
[27/Aug/2017 12:41:04] "GET /smallprogram/get_grad_question_list?grad_weixin_id=ww&question_id=1 HTTP/1.0" 200 47
[27/Aug/2017 12:44:02] "GET /smallprogram/get_grad_question_list?grad_weixin_id=ww&question_id=1 HTTP/1.0" 200 47
[27/Aug/2017 12:44:12] "GET /smallprogram/get_grad_question_list?grad_weixin_id=ww&question_id=1 HTTP/1.0" 200 47
[27/Aug/2017 12:45:23] "GET /smallprogram/get_grad_question_list?grad_weixin_id=ww&question_id=1 HTTP/1.0" 200 47
[27/Aug/2017 12:45:35] "GET /smallprogram/get_grad_question_list?grad_weixin_id=ww&question_id=1 HTTP/1.0" 200 47
[27/Aug/2017 12:45:55] "GET /smallprogram/get_grad_question_list?grad_weixin_id=ww&question_id=1 HTTP/1.0" 200 47
[27/Aug/2017 12:46:21] "GET /smallprogram/get_grad_question_list?grad_weixin_id=ww&question_id=1 HTTP/1.0" 200 47
[27/Aug/2017 12:46:58] "GET /smallprogram/get_grad_question_list?grad_weixin_id=ww&question_id=1 HTTP/1.0" 200 47
[27/Aug/2017 12:47:05] "GET /smallprogram/get_grad_question_list?grad_weixin_id=ww&question_id=1 HTTP/1.0" 200 47
[27/Aug/2017 12:47:16] "GET /smallprogram/get_grad_question_list?grad_weixin_id=ww&question_id=1 HTTP/1.0" 200 47
[27/Aug/2017 12:47:23] "GET /smallprogram/get_grad_question_list?grad_weixin_id=ww&question_id=1 HTTP/1.0" 200 47
[27/Aug/2017 12:47:47] "GET /smallprogram/get_grad_question_list?grad_weixin_id=ww&question_id=1 HTTP/1.0" 200 47
[27/Aug/2017 12:48:51] "GET /smallprogram/get_grad_question_list?grad_weixin_id=ww&question_id=1 HTTP/1.0" 200 47
Internal Server Error: /smallprogram/submit_question
Traceback (most recent call last):
  File "/usr/lib/python2.7/site-packages/django/core/handlers/exception.py", line 41, in inner
    response = get_response(request)
  File "/usr/lib/python2.7/site-packages/django/core/handlers/base.py", line 187, in _get_response
    response = self.process_exception_by_middleware(e, request)
  File "/usr/lib/python2.7/site-packages/django/core/handlers/base.py", line 185, in _get_response
    response = wrapped_callback(request, *callback_args, **callback_kwargs)
  File "/home/app/fuxinxueba/qaProgram/views.py", line 122, in submit_question
    request.REQUEST.get('name')
AttributeError: 'WSGIRequest' object has no attribute 'REQUEST'
[27/Aug/2017 12:48:53] "POST /smallprogram/submit_question HTTP/1.0" 500 63727
[27/Aug/2017 12:49:27] "GET /smallprogram/get_grad_question_list?grad_weixin_id=ww&question_id=1 HTTP/1.0" 200 47
Internal Server Error: /smallprogram/submit_question
Traceback (most recent call last):
  File "/usr/lib/python2.7/site-packages/django/core/handlers/exception.py", line 41, in inner
    response = get_response(request)
  File "/usr/lib/python2.7/site-packages/django/core/handlers/base.py", line 187, in _get_response
    response = self.process_exception_by_middleware(e, request)
  File "/usr/lib/python2.7/site-packages/django/core/handlers/base.py", line 185, in _get_response
    response = wrapped_callback(request, *callback_args, **callback_kwargs)
  File "/home/app/fuxinxueba/qaProgram/views.py", line 122, in submit_question
    request.REQUEST.get('name')
AttributeError: 'WSGIRequest' object has no attribute 'REQUEST'
[27/Aug/2017 12:49:29] "POST /smallprogram/submit_question HTTP/1.0" 500 63727
Internal Server Error: /smallprogram/submit_question
Traceback (most recent call last):
  File "/usr/lib/python2.7/site-packages/django/core/handlers/exception.py", line 41, in inner
    response = get_response(request)
  File "/usr/lib/python2.7/site-packages/django/core/handlers/base.py", line 187, in _get_response
    response = self.process_exception_by_middleware(e, request)
  File "/usr/lib/python2.7/site-packages/django/core/handlers/base.py", line 185, in _get_response
    response = wrapped_callback(request, *callback_args, **callback_kwargs)
  File "/home/app/fuxinxueba/qaProgram/views.py", line 122, in submit_question
    request.REQUEST.get('name')
AttributeError: 'WSGIRequest' object has no attribute 'REQUEST'
[27/Aug/2017 12:49:32] "POST /smallprogram/submit_question HTTP/1.0" 500 63727
Error: That port is already in use.
/home/app/fuxinxueba/qaProgram/views.py:38: UnorderedObjectListWarning: Pagination may yield inconsistent results with an unordered object_list: <class 'qaProgram.models.Question'> QuerySet.
  paginator = Paginator(data, int(pageSize))
[28/Aug/2017 15:20:39] "GET /smallprogram/getGradDetail?grad_weixin_id=ww HTTP/1.0" 200 188
[28/Aug/2017 15:20:39] "GET /smallprogram/get_stu_question_list?grad_weixin_id=ww&pageSize=10&pageNo=1 HTTP/1.0" 200 264
[28/Aug/2017 15:20:39] "GET /smallprogram/getPic?pname=img/c.jpg HTTP/1.0" 200 2672
[28/Aug/2017 15:20:45] "GET /smallprogram/getGradDetail?grad_weixin_id=ww HTTP/1.0" 200 188
[28/Aug/2017 15:20:45] "GET /smallprogram/get_stu_question_list?grad_weixin_id=ww&pageSize=10&pageNo=2 HTTP/1.0" 200 264
[28/Aug/2017 15:20:46] "GET /smallprogram/getGradDetail?grad_weixin_id=ww HTTP/1.0" 200 188
[28/Aug/2017 15:20:46] "GET /smallprogram/get_stu_question_list?grad_weixin_id=ww&pageSize=10&pageNo=3 HTTP/1.0" 200 264
[28/Aug/2017 15:20:47] "GET /smallprogram/getGradDetail?grad_weixin_id=ww HTTP/1.0" 200 188
[28/Aug/2017 15:20:47] "GET /smallprogram/get_stu_question_list?grad_weixin_id=ww&pageSize=10&pageNo=4 HTTP/1.0" 200 264
[28/Aug/2017 15:20:48] "GET /smallprogram/getGradDetail?grad_weixin_id=ww HTTP/1.0" 200 188
[28/Aug/2017 15:20:48] "GET /smallprogram/get_stu_question_list?grad_weixin_id=ww&pageSize=10&pageNo=5 HTTP/1.0" 200 264
[28/Aug/2017 15:21:01] "GET /smallprogram/getGradDetail?grad_weixin_id=ww HTTP/1.0" 200 188
[28/Aug/2017 15:21:01] "GET /smallprogram/get_stu_question_list?grad_weixin_id=ww&pageSize=10&pageNo=1 HTTP/1.0" 200 264
[28/Aug/2017 15:21:02] "GET /smallprogram/getPic?pname=img/c.jpg HTTP/1.0" 200 2672
[28/Aug/2017 15:21:03] "GET /smallprogram/getGradDetail?grad_weixin_id=ww HTTP/1.0" 200 188
[28/Aug/2017 15:21:03] "GET /smallprogram/get_stu_question_list?grad_weixin_id=ww&pageSize=10&pageNo=2 HTTP/1.0" 200 264
[28/Aug/2017 15:21:05] "GET /smallprogram/getGradDetail?grad_weixin_id=ww HTTP/1.0" 200 188
[28/Aug/2017 15:21:05] "GET /smallprogram/get_stu_question_list?grad_weixin_id=ww&pageSize=10&pageNo=3 HTTP/1.0" 200 264
[28/Aug/2017 15:21:07] "GET /smallprogram/getGradDetail?grad_weixin_id=ww HTTP/1.0" 200 188
[28/Aug/2017 15:21:07] "GET /smallprogram/get_stu_question_list?grad_weixin_id=ww&pageSize=10&pageNo=4 HTTP/1.0" 200 264
[28/Aug/2017 15:21:09] "GET /smallprogram/getGradDetail?grad_weixin_id=ww HTTP/1.0" 200 188
[28/Aug/2017 15:21:09] "GET /smallprogram/get_stu_question_list?grad_weixin_id=ww&pageSize=10&pageNo=5 HTTP/1.0" 200 264
[28/Aug/2017 15:21:11] "GET /smallprogram/getGradDetail?grad_weixin_id=ww HTTP/1.0" 200 188
[28/Aug/2017 15:21:11] "GET /smallprogram/get_stu_question_list?grad_weixin_id=ww&pageSize=10&pageNo=6 HTTP/1.0" 200 264
[28/Aug/2017 15:21:15] "GET /smallprogram/getGradDetail?grad_weixin_id=ww HTTP/1.0" 200 188
[28/Aug/2017 15:21:15] "GET /smallprogram/get_stu_question_list?grad_weixin_id=ww&pageSize=10&pageNo=7 HTTP/1.0" 200 264
[28/Aug/2017 15:21:20] "GET /smallprogram/get_stu_question_list?grad_weixin_id=ww&pageSize=10&pageNo=8 HTTP/1.0" 200 264
[28/Aug/2017 15:21:20] "GET /smallprogram/getGradDetail?grad_weixin_id=ww HTTP/1.0" 200 188
[28/Aug/2017 15:21:27] "GET /smallprogram/get_stu_question_list?grad_weixin_id=ww&pageSize=10&pageNo=9 HTTP/1.0" 200 264
[28/Aug/2017 15:21:27] "GET /smallprogram/getGradDetail?grad_weixin_id=ww HTTP/1.0" 200 188
[28/Aug/2017 15:22:13] "GET /smallprogram/getGradDetail?grad_weixin_id=ww HTTP/1.0" 200 188
[28/Aug/2017 15:22:13] "GET /smallprogram/get_stu_question_list?grad_weixin_id=ww&pageSize=10&pageNo=1 HTTP/1.0" 200 264
[28/Aug/2017 15:22:13] "GET /smallprogram/getPic?pname=img/c.jpg HTTP/1.0" 200 2672
[28/Aug/2017 15:22:14] "GET /smallprogram/getGradDetail?grad_weixin_id=ww HTTP/1.0" 200 188
[28/Aug/2017 15:22:14] "GET /smallprogram/get_stu_question_list?grad_weixin_id=ww&pageSize=10&pageNo=2 HTTP/1.0" 200 264
[28/Aug/2017 15:22:16] "GET /smallprogram/getGradDetail?grad_weixin_id=ww HTTP/1.0" 200 188
[28/Aug/2017 15:22:16] "GET /smallprogram/get_stu_question_list?grad_weixin_id=ww&pageSize=10&pageNo=3 HTTP/1.0" 200 264
[28/Aug/2017 15:22:17] "GET /smallprogram/getGradDetail?grad_weixin_id=ww HTTP/1.0" 200 188
[28/Aug/2017 15:22:17] "GET /smallprogram/get_stu_question_list?grad_weixin_id=ww&pageSize=10&pageNo=4 HTTP/1.0" 200 264
[28/Aug/2017 15:22:18] "GET /smallprogram/getGradDetail?grad_weixin_id=ww HTTP/1.0" 200 188
[28/Aug/2017 15:22:18] "GET /smallprogram/get_stu_question_list?grad_weixin_id=ww&pageSize=10&pageNo=5 HTTP/1.0" 200 264
[28/Aug/2017 15:22:30] "GET /smallprogram/getGradDetail?grad_weixin_id=ww HTTP/1.0" 200 188
[28/Aug/2017 15:22:30] "GET /smallprogram/get_stu_question_list?grad_weixin_id=ww&pageSize=10&pageNo=1 HTTP/1.0" 200 264
[28/Aug/2017 15:22:30] "GET /smallprogram/getPic?pname=img/c.jpg HTTP/1.0" 200 2672
[28/Aug/2017 15:22:32] "GET /smallprogram/getGradDetail?grad_weixin_id=ww HTTP/1.0" 200 188
[28/Aug/2017 15:22:32] "GET /smallprogram/get_stu_question_list?grad_weixin_id=ww&pageSize=10&pageNo=2 HTTP/1.0" 200 264
[28/Aug/2017 15:22:34] "GET /smallprogram/getGradDetail?grad_weixin_id=ww HTTP/1.0" 200 188
[28/Aug/2017 15:22:34] "GET /smallprogram/get_stu_question_list?grad_weixin_id=ww&pageSize=10&pageNo=3 HTTP/1.0" 200 264
[28/Aug/2017 15:22:35] "GET /smallprogram/getGradDetail?grad_weixin_id=ww HTTP/1.0" 200 188
[28/Aug/2017 15:22:35] "GET /smallprogram/get_stu_question_list?grad_weixin_id=ww&pageSize=10&pageNo=4 HTTP/1.0" 200 264
[28/Aug/2017 15:22:37] "GET /smallprogram/getGradDetail?grad_weixin_id=ww HTTP/1.0" 200 188
[28/Aug/2017 15:22:37] "GET /smallprogram/get_stu_question_list?grad_weixin_id=ww&pageSize=10&pageNo=5 HTTP/1.0" 200 264
[28/Aug/2017 15:22:39] "GET /smallprogram/getGradDetail?grad_weixin_id=ww HTTP/1.0" 200 188
[28/Aug/2017 15:22:39] "GET /smallprogram/get_stu_question_list?grad_weixin_id=ww&pageSize=10&pageNo=6 HTTP/1.0" 200 264
[28/Aug/2017 15:22:41] "GET /smallprogram/getGradDetail?grad_weixin_id=ww HTTP/1.0" 200 188
[28/Aug/2017 15:22:41] "GET /smallprogram/get_stu_question_list?grad_weixin_id=ww&pageSize=10&pageNo=7 HTTP/1.0" 200 264
[28/Aug/2017 15:22:43] "GET /smallprogram/getGradDetail?grad_weixin_id=ww HTTP/1.0" 200 188
[28/Aug/2017 15:22:43] "GET /smallprogram/get_stu_question_list?grad_weixin_id=ww&pageSize=10&pageNo=8 HTTP/1.0" 200 264
[28/Aug/2017 15:22:46] "GET /smallprogram/getGradDetail?grad_weixin_id=ww HTTP/1.0" 200 188
[28/Aug/2017 15:22:46] "GET /smallprogram/get_stu_question_list?grad_weixin_id=ww&pageSize=10&pageNo=9 HTTP/1.0" 200 264
[28/Aug/2017 15:22:48] "GET /smallprogram/getGradDetail?grad_weixin_id=ww HTTP/1.0" 200 188
[28/Aug/2017 15:22:48] "GET /smallprogram/get_stu_question_list?grad_weixin_id=ww&pageSize=10&pageNo=10 HTTP/1.0" 200 264
[28/Aug/2017 15:22:50] "POST /smallprogram/submit_question?signature=92b6d69450197afcb05bf8a8f66abf3ccc55432f&timestamp=1503933770&nonce=494414601 HTTP/1.0" 200 7
[28/Aug/2017 15:22:55] "POST /smallprogram/submit_question?signature=5996e0e7eb61ab1411dcc366e9c9ca0c5c387a67&timestamp=1503933775&nonce=1769448168 HTTP/1.0" 200 7
[28/Aug/2017 15:22:59] "GET /smallprogram/getGradDetail?grad_weixin_id=ww HTTP/1.0" 200 188
[28/Aug/2017 15:22:59] "GET /smallprogram/get_stu_question_list?grad_weixin_id=ww&pageSize=10&pageNo=11 HTTP/1.0" 200 264
[28/Aug/2017 15:24:14] "GET /smallprogram/getGradDetail?grad_weixin_id=ww HTTP/1.0" 200 188
/home/app/fuxinxueba/qaProgram/views.py:82: UnorderedObjectListWarning: Pagination may yield inconsistent results with an unordered object_list: <class 'qaProgram.models.Question'> QuerySet.
  paginator = Paginator(data, int(pageSize))
[28/Aug/2017 15:24:14] "GET /smallprogram/get_grad_question_list?grad_weixin_id=ww&pageSize=10&pageNo=1 HTTP/1.0" 200 336
[28/Aug/2017 15:24:14] "GET /smallprogram/getPic?pname=img/c.jpg HTTP/1.0" 200 2672
[28/Aug/2017 15:28:33] "GET /smallprogram/getGradDetail?grad_weixin_id=ww HTTP/1.0" 200 188
[28/Aug/2017 15:28:33] "GET /smallprogram/get_grad_question_list?grad_weixin_id=ww&pageSize=10&pageNo=1 HTTP/1.0" 200 336
[28/Aug/2017 15:28:33] "GET /smallprogram/getPic?pname=img/c.jpg HTTP/1.0" 200 2672
[28/Aug/2017 15:31:14] "GET /smallprogram/getGradDetail?grad_weixin_id=ww HTTP/1.0" 200 188
[28/Aug/2017 15:31:14] "GET /smallprogram/get_grad_question_list?grad_weixin_id=ww&pageSize=10&pageNo=1 HTTP/1.0" 200 336
[28/Aug/2017 15:31:14] "GET /smallprogram/getPic?pname=img/c.jpg HTTP/1.0" 200 2672
[28/Aug/2017 15:32:04] "GET /smallprogram/getGradDetail?grad_weixin_id=ww HTTP/1.0" 200 188
[28/Aug/2017 15:32:04] "GET /smallprogram/get_grad_question_list?grad_weixin_id=ww&pageSize=10&pageNo=1 HTTP/1.0" 200 336
[28/Aug/2017 15:32:04] "GET /smallprogram/getPic?pname=img/c.jpg HTTP/1.0" 200 2672
[28/Aug/2017 15:32:05] "GET /smallprogram/get_grad_question_list?grad_weixin_id=ww&pageSize=10&pageNo=1 HTTP/1.0" 200 336
[28/Aug/2017 15:32:07] "GET /smallprogram/get_grad_question_list?grad_weixin_id=ww&pageSize=10&pageNo=1 HTTP/1.0" 200 336
[28/Aug/2017 15:32:38] "GET /smallprogram/getGradDetail?grad_weixin_id=ww HTTP/1.0" 200 188
[28/Aug/2017 15:32:38] "GET /smallprogram/get_grad_question_list?grad_weixin_id=ww&pageSize=10&pageNo=1 HTTP/1.0" 200 336
[28/Aug/2017 15:32:38] "GET /smallprogram/getPic?pname=img/c.jpg HTTP/1.0" 200 2672
[28/Aug/2017 15:32:57] "GET /smallprogram/getGradDetail?grad_weixin_id=ww HTTP/1.0" 200 188
[28/Aug/2017 15:32:57] "GET /smallprogram/get_grad_question_list?grad_weixin_id=ww&pageSize=10&pageNo=1 HTTP/1.0" 200 336
[28/Aug/2017 15:32:57] "GET /smallprogram/getPic?pname=img/c.jpg HTTP/1.0" 200 2672
[28/Aug/2017 15:42:17] "GET /smallprogram/getGradDetail?grad_weixin_id=ww HTTP/1.0" 200 188
[28/Aug/2017 15:42:17] "GET /smallprogram/get_grad_question_list?grad_weixin_id=ww&pageSize=10&pageNo=1 HTTP/1.0" 200 336
[28/Aug/2017 15:42:17] "GET /smallprogram/getPic?pname=img/c.jpg HTTP/1.0" 200 2672
[28/Aug/2017 15:43:09] "GET /smallprogram/getGradDetail?grad_weixin_id=ww HTTP/1.0" 200 188
[28/Aug/2017 15:43:09] "GET /smallprogram/get_grad_question_list?grad_weixin_id=ww&pageSize=10&pageNo=1 HTTP/1.0" 200 336
[28/Aug/2017 15:43:10] "GET /smallprogram/getPic?pname=img/c.jpg HTTP/1.0" 200 2672
[28/Aug/2017 15:47:01] "GET /smallprogram/getGradDetail?grad_weixin_id=ww HTTP/1.0" 200 188
[28/Aug/2017 15:47:01] "GET /smallprogram/get_grad_question_list?grad_weixin_id=ww&pageSize=10&pageNo=1 HTTP/1.0" 200 336
[28/Aug/2017 15:47:01] "GET /smallprogram/getPic?pname=img/c.jpg HTTP/1.0" 200 2672
[28/Aug/2017 15:49:40] "GET /smallprogram/getGradDetail?grad_weixin_id=ww HTTP/1.0" 200 188
[28/Aug/2017 15:49:40] "GET /smallprogram/get_grad_question_list?grad_weixin_id=ww&pageSize=10&pageNo=1 HTTP/1.0" 200 336
[28/Aug/2017 15:49:40] "GET /smallprogram/getPic?pname=img/c.jpg HTTP/1.0" 200 2672
[28/Aug/2017 15:49:45] "GET /smallprogram/getGradDetail?grad_weixin_id=ww HTTP/1.0" 200 188
[28/Aug/2017 15:49:45] "GET /smallprogram/get_grad_question_list?grad_weixin_id=ww&pageSize=10&pageNo=1 HTTP/1.0" 200 336
[28/Aug/2017 15:49:45] "GET /smallprogram/getPic?pname=img/c.jpg HTTP/1.0" 200 2672
[28/Aug/2017 15:50:19] "GET /smallprogram/getGradDetail?grad_weixin_id=ww HTTP/1.0" 200 188
[28/Aug/2017 15:50:19] "GET /smallprogram/get_grad_question_list?grad_weixin_id=ww&pageSize=10&pageNo=1 HTTP/1.0" 200 336
[28/Aug/2017 15:50:19] "GET /smallprogram/getPic?pname=img/c.jpg HTTP/1.0" 200 2672
[28/Aug/2017 15:51:07] "GET /smallprogram/getGradDetail?grad_weixin_id=ww HTTP/1.0" 200 188
[28/Aug/2017 15:51:07] "GET /smallprogram/get_grad_question_list?grad_weixin_id=ww&pageSize=10&pageNo=1 HTTP/1.0" 200 336
[28/Aug/2017 15:51:07] "GET /smallprogram/getPic?pname=img/c.jpg HTTP/1.0" 200 2672
[28/Aug/2017 15:52:49] "GET /smallprogram/getGradDetail?grad_weixin_id=ww HTTP/1.0" 200 188
[28/Aug/2017 15:52:49] "GET /smallprogram/get_grad_question_list?grad_weixin_id=ww&pageSize=10&pageNo=1 HTTP/1.0" 200 336
[28/Aug/2017 15:52:49] "GET /smallprogram/getPic?pname=img/c.jpg HTTP/1.0" 200 2672
[28/Aug/2017 15:53:24] "GET /smallprogram/getGradDetail?grad_weixin_id=ww HTTP/1.0" 200 188
[28/Aug/2017 15:53:24] "GET /smallprogram/get_grad_question_list?grad_weixin_id=ww&pageSize=10&pageNo=1 HTTP/1.0" 200 336
[28/Aug/2017 15:53:24] "GET /smallprogram/getPic?pname=img/c.jpg HTTP/1.0" 200 2672
[28/Aug/2017 15:53:26] "GET /smallprogram/get_grad_question_list?grad_weixin_id=ww&question_id=14 HTTP/1.0" 200 336
[28/Aug/2017 16:06:31] "GET /smallprogram/get_stu_question_list?grad_weixin_id=ww&pageNo=1&pageSize=1 HTTP/1.0" 200 154
Internal Server Error: /smallprogram/get_answer
Traceback (most recent call last):
  File "/usr/lib/python2.7/site-packages/django/core/handlers/exception.py", line 41, in inner
    response = get_response(request)
  File "/usr/lib/python2.7/site-packages/django/core/handlers/base.py", line 187, in _get_response
    response = self.process_exception_by_middleware(e, request)
  File "/usr/lib/python2.7/site-packages/django/core/handlers/base.py", line 185, in _get_response
    response = wrapped_callback(request, *callback_args, **callback_kwargs)
  File "/home/app/fuxinxueba/qaProgram/views.py", line 109, in get_answer
    ans = Answer.objects.get(qid=qid,grad_weixin_id=grad_weixin_id)
  File "/usr/lib/python2.7/site-packages/django/db/models/manager.py", line 85, in manager_method
    return getattr(self.get_queryset(), name)(*args, **kwargs)
  File "/usr/lib/python2.7/site-packages/django/db/models/query.py", line 380, in get
    self.model._meta.object_name
DoesNotExist: Answer matching query does not exist.
[28/Aug/2017 16:07:07] "GET /smallprogram/get_answer?grad_weixin_id=ww&question_id=1 HTTP/1.0" 500 73532
